d:\fat32\c1.22 列出根目录部分文件\fat_ex\debug\vc142.pdb
d:\fat32\c1.22 列出根目录部分文件\fat_ex\debug\vc142.idb
d:\fat32\c1.22 列出根目录部分文件\fat_ex\debug\xfat.obj
d:\fat32\c1.22 列出根目录部分文件\fat_ex\debug\xdisk.obj
d:\fat32\c1.22 列出根目录部分文件\fat_ex\debug\fatfs_test.obj
d:\fat32\c1.22 列出根目录部分文件\fat_ex\debug\driver.obj
d:\fat32\c1.22 列出根目录部分文件\fat_ex\debug\fat_ex.exe
d:\fat32\c1.22 列出根目录部分文件\fat_ex\debug\fat_ex.ilk
d:\fat32\c1.22 列出根目录部分文件\fat_ex\debug\fat_ex.pdb
d:\fat32\c1.23 列出根目录所有文件\fat_ex\debug\driver.obj
d:\fat32\c1.23 列出根目录所有文件\fat_ex\debug\fatfs_test.obj
d:\fat32\c1.23 列出根目录所有文件\fat_ex\debug\xdisk.obj
d:\fat32\c1.23 列出根目录所有文件\fat_ex\debug\xfat.obj
d:\fat32\c1.23 列出根目录所有文件\fat_ex\debug\fat_ex.ilk
d:\fat32\c1.23 列出根目录所有文件\fat_ex\debug\vc142.idb
d:\fat32\c1.23 列出根目录所有文件\fat_ex\debug\fat_ex.pdb
d:\fat32\c1.23 列出根目录所有文件\fat_ex\debug\vc142.pdb
d:\fat32\c1.23 列出根目录所有文件\fat_ex\debug\fat_ex.exe
d:\fat32\c1.23 列出根目录所有文件\fat_ex\debug\fat_ex.tlog\cl.command.1.tlog
d:\fat32\c1.23 列出根目录所有文件\fat_ex\debug\fat_ex.tlog\cl.read.1.tlog
d:\fat32\c1.23 列出根目录所有文件\fat_ex\debug\fat_ex.tlog\cl.write.1.tlog
d:\fat32\c1.23 列出根目录所有文件\fat_ex\debug\fat_ex.tlog\link.command.1.tlog
d:\fat32\c1.23 列出根目录所有文件\fat_ex\debug\fat_ex.tlog\link.read.1.tlog
d:\fat32\c1.23 列出根目录所有文件\fat_ex\debug\fat_ex.tlog\link.write.1.tlog
