d:\fat32\c1.20 加载fat32信息\fat_ex\debug\vc142.pdb
d:\fat32\c1.20 加载fat32信息\fat_ex\debug\vc142.idb
d:\fat32\c1.20 加载fat32信息\fat_ex\debug\xfat.obj
d:\fat32\c1.20 加载fat32信息\fat_ex\debug\xdisk.obj
d:\fat32\c1.20 加载fat32信息\fat_ex\debug\fatfs_test.obj
d:\fat32\c1.20 加载fat32信息\fat_ex\debug\driver.obj
d:\fat32\c1.21 建立xfat结构\fat_ex\debug\vc142.pdb
d:\fat32\c1.21 建立xfat结构\fat_ex\debug\vc142.idb
d:\fat32\c1.21 建立xfat结构\fat_ex\debug\xfat.obj
d:\fat32\c1.21 建立xfat结构\fat_ex\debug\xdisk.obj
d:\fat32\c1.21 建立xfat结构\fat_ex\debug\fatfs_test.obj
d:\fat32\c1.21 建立xfat结构\fat_ex\debug\driver.obj
d:\fat32\c1.20 加载fat32信息\fat_ex\debug\fat_ex.exe
d:\fat32\c1.20 加载fat32信息\fat_ex\debug\fat_ex.ilk
d:\fat32\c1.20 加载fat32信息\fat_ex\debug\fat_ex.pdb
d:\fat32\c1.21 建立xfat结构\fat_ex\debug\fat_ex.exe
d:\fat32\c1.21 建立xfat结构\fat_ex\debug\fat_ex.ilk
d:\fat32\c1.21 建立xfat结构\fat_ex\debug\fat_ex.pdb
d:\fat32\c1.21 建立xfat结构\fat_ex\debug\fat_ex.tlog\cl.command.1.tlog
d:\fat32\c1.21 建立xfat结构\fat_ex\debug\fat_ex.tlog\cl.read.1.tlog
d:\fat32\c1.21 建立xfat结构\fat_ex\debug\fat_ex.tlog\cl.write.1.tlog
d:\fat32\c1.21 建立xfat结构\fat_ex\debug\fat_ex.tlog\link.command.1.tlog
d:\fat32\c1.21 建立xfat结构\fat_ex\debug\fat_ex.tlog\link.read.1.tlog
d:\fat32\c1.21 建立xfat结构\fat_ex\debug\fat_ex.tlog\link.write.1.tlog
